#-----------------------------------------------------------
# Vivado v2016.2 (64-bit)
# SW Build 1577090 on Thu Jun  2 16:32:40 MDT 2016
# IP Build 1577682 on Fri Jun  3 12:00:54 MDT 2016
# Start of session at: Wed Feb 23 17:22:19 2022
# Process ID: 8944
# Current directory: C:/CoCO/Studio/studio_3
# Command line: vivado.exe -gui_launcher_event rodinguilauncherevent23524 C:\CoCO\Studio\studio_3\studio_3.xpr
# Log file: C:/CoCO/Studio/studio_3/vivado.log
# Journal file: C:/CoCO/Studio/studio_3\vivado.jou
#-----------------------------------------------------------
start_gui
open_project C:/CoCO/Studio/studio_3/studio_3.xpr
Scanning sources...
Finished scanning sources
INFO: [IP_Flow 19-234] Refreshing IP repositories
INFO: [IP_Flow 19-1704] No user IP repositories specified
INFO: [IP_Flow 19-2313] Loaded Vivado IP repository 'C:/Xilinx/Vivado/2016.2/data/ip'.
INFO: [Common 17-41] Interrupt caught. Command should exit soon.
INFO: [Common 17-344] 'set_property' was cancelled
INFO: [Common 17-344] 'set_propeexit
INFO: [Common 17-206] Exiting Vivado at Wed Feb 23 17:37:17 2022...
ate_compile_order -fileset sources_1
update_compile_order -fileset sim_1
exit
INFO: [Common 17-206] Exiting Vivado at Wed Feb 23 17:22:40 2022...
