
*** Running vivado
    with args -log toplevel.vds -m64 -mode batch -messageDb vivado.pb -notrace -source toplevel.tcl


****** Vivado v2016.2 (64-bit)
  **** SW Build 1577090 on Thu Jun  2 16:32:40 MDT 2016
  **** IP Build 1577682 on Fri Jun  3 12:00:54 MDT 2016
    ** Copyright 1986-2016 Xilinx, Inc. All Rights Reserved.

source toplevel.tcl -notrace
Command: synth_design -top toplevel -part xc7a35tcpg236-1
Starting synth_design
Attempting to get a license for feature 'Synthesis' and/or device 'xc7a35t'
INFO: [Common 17-349] Got license for feature 'Synthesis' and/or device 'xc7a35t'
INFO: Launching helper process for spawning children vivado processes
INFO: Helper process launched with PID 19188 
---------------------------------------------------------------------------------
Starting RTL Elaboration : Time (s): cpu = 00:00:07 ; elapsed = 00:00:09 . Memory (MB): peak = 305.359 ; gain = 98.770
---------------------------------------------------------------------------------
INFO: [Synth 8-638] synthesizing module 'toplevel' [C:/CoCO/Studio/studio_7/studio_7.srcs/sources_1/new/toplevel.vhd:44]
INFO: [Synth 8-3491] module 'clock_divider' declared at 'C:/CoCO/Studio/studio_7/studio_7.srcs/sources_1/new/clock_divider.vhd:35' bound to instance 'clock_divider0' of component 'clock_divider' [C:/CoCO/Studio/studio_7/studio_7.srcs/sources_1/new/toplevel.vhd:96]
INFO: [Synth 8-638] synthesizing module 'clock_divider' [C:/CoCO/Studio/studio_7/studio_7.srcs/sources_1/new/clock_divider.vhd:40]
INFO: [Synth 8-256] done synthesizing module 'clock_divider' (1#1) [C:/CoCO/Studio/studio_7/studio_7.srcs/sources_1/new/clock_divider.vhd:40]
INFO: [Synth 8-3491] module 'Counter_4bit' declared at 'C:/CoCO/Studio/studio_7/studio_7.srcs/sources_1/new/Counter_4bit.vhd:35' bound to instance 'counter_4bit0' of component 'Counter_4bit' [C:/CoCO/Studio/studio_7/studio_7.srcs/sources_1/new/toplevel.vhd:101]
INFO: [Synth 8-638] synthesizing module 'Counter_4bit' [C:/CoCO/Studio/studio_7/studio_7.srcs/sources_1/new/Counter_4bit.vhd:44]
INFO: [Synth 8-256] done synthesizing module 'Counter_4bit' (2#1) [C:/CoCO/Studio/studio_7/studio_7.srcs/sources_1/new/Counter_4bit.vhd:44]
INFO: [Synth 8-3491] module 'display_driver1' declared at 'C:/CoCO/Studio/studio_7/studio_7.srcs/sources_1/new/Display_Driver.vhd:36' bound to instance 'display_driver10' of component 'display_driver1' [C:/CoCO/Studio/studio_7/studio_7.srcs/sources_1/new/toplevel.vhd:110]
INFO: [Synth 8-638] synthesizing module 'display_driver1' [C:/CoCO/Studio/studio_7/studio_7.srcs/sources_1/new/Display_Driver.vhd:41]
INFO: [Synth 8-256] done synthesizing module 'display_driver1' (3#1) [C:/CoCO/Studio/studio_7/studio_7.srcs/sources_1/new/Display_Driver.vhd:41]
INFO: [Synth 8-3491] module 'display_driver2' declared at 'C:/Users/zhouy24/Downloads/Display_driver.vhd:6' bound to instance 'display_driver20' of component 'display_driver2' [C:/CoCO/Studio/studio_7/studio_7.srcs/sources_1/new/toplevel.vhd:115]
INFO: [Synth 8-638] synthesizing module 'display_driver2' [C:/Users/zhouy24/Downloads/Display_driver.vhd:11]
INFO: [Synth 8-256] done synthesizing module 'display_driver2' (4#1) [C:/Users/zhouy24/Downloads/Display_driver.vhd:11]
INFO: [Synth 8-3491] module 'display_driver3' declared at 'C:/CoCO/Studio/studio_7/studio_7.srcs/sources_1/new/driver_diaplay3.vhd:6' bound to instance 'display_driver30' of component 'display_driver3' [C:/CoCO/Studio/studio_7/studio_7.srcs/sources_1/new/toplevel.vhd:120]
INFO: [Synth 8-638] synthesizing module 'display_driver3' [C:/CoCO/Studio/studio_7/studio_7.srcs/sources_1/new/driver_diaplay3.vhd:11]
INFO: [Synth 8-256] done synthesizing module 'display_driver3' (5#1) [C:/CoCO/Studio/studio_7/studio_7.srcs/sources_1/new/driver_diaplay3.vhd:11]
INFO: [Synth 8-3491] module 'display_driver4' declared at 'C:/CoCO/Studio/studio_7/studio_7.srcs/sources_1/new/display_driver4.vhd:6' bound to instance 'display_driver40' of component 'display_driver4' [C:/CoCO/Studio/studio_7/studio_7.srcs/sources_1/new/toplevel.vhd:125]
INFO: [Synth 8-638] synthesizing module 'display_driver4' [C:/CoCO/Studio/studio_7/studio_7.srcs/sources_1/new/display_driver4.vhd:11]
INFO: [Synth 8-256] done synthesizing module 'display_driver4' (6#1) [C:/CoCO/Studio/studio_7/studio_7.srcs/sources_1/new/display_driver4.vhd:11]
INFO: [Synth 8-3491] module 'LEDdisplay' declared at 'C:/Users/zhouy24/Downloads/LEDdisplay.vhd:67' bound to instance 'LEDdisplay0' of component 'LEDdisplay' [C:/CoCO/Studio/studio_7/studio_7.srcs/sources_1/new/toplevel.vhd:130]
INFO: [Synth 8-638] synthesizing module 'LEDdisplay' [C:/Users/zhouy24/Downloads/LEDdisplay.vhd:75]
INFO: [Synth 8-3491] module 'Mux4by7' declared at 'C:/Users/zhouy24/Downloads/LEDdisplay.vhd:7' bound to instance 'dispMUX00' of component 'Mux4by7' [C:/Users/zhouy24/Downloads/LEDdisplay.vhd:99]
INFO: [Synth 8-638] synthesizing module 'Mux4by7' [C:/Users/zhouy24/Downloads/LEDdisplay.vhd:21]
INFO: [Synth 8-113] binding component instance 'dispMUX00' to cell 'MUXF5' [C:/Users/zhouy24/Downloads/LEDdisplay.vhd:26]
INFO: [Synth 8-113] binding component instance 'dispMUX01' to cell 'MUXF5' [C:/Users/zhouy24/Downloads/LEDdisplay.vhd:27]
INFO: [Synth 8-113] binding component instance 'dispMUX02' to cell 'MUXF6' [C:/Users/zhouy24/Downloads/LEDdisplay.vhd:28]
INFO: [Synth 8-113] binding component instance 'dispMUX10' to cell 'MUXF5' [C:/Users/zhouy24/Downloads/LEDdisplay.vhd:30]
INFO: [Synth 8-113] binding component instance 'dispMUX11' to cell 'MUXF5' [C:/Users/zhouy24/Downloads/LEDdisplay.vhd:31]
INFO: [Synth 8-113] binding component instance 'dispMUX12' to cell 'MUXF6' [C:/Users/zhouy24/Downloads/LEDdisplay.vhd:32]
INFO: [Synth 8-113] binding component instance 'dispMUX20' to cell 'MUXF5' [C:/Users/zhouy24/Downloads/LEDdisplay.vhd:34]
INFO: [Synth 8-113] binding component instance 'dispMUX21' to cell 'MUXF5' [C:/Users/zhouy24/Downloads/LEDdisplay.vhd:35]
INFO: [Synth 8-113] binding component instance 'dispMUX22' to cell 'MUXF6' [C:/Users/zhouy24/Downloads/LEDdisplay.vhd:36]
INFO: [Synth 8-113] binding component instance 'dispMUX30' to cell 'MUXF5' [C:/Users/zhouy24/Downloads/LEDdisplay.vhd:38]
INFO: [Synth 8-113] binding component instance 'dispMUX31' to cell 'MUXF5' [C:/Users/zhouy24/Downloads/LEDdisplay.vhd:39]
INFO: [Synth 8-113] binding component instance 'dispMUX32' to cell 'MUXF6' [C:/Users/zhouy24/Downloads/LEDdisplay.vhd:40]
INFO: [Synth 8-113] binding component instance 'dispMUX40' to cell 'MUXF5' [C:/Users/zhouy24/Downloads/LEDdisplay.vhd:42]
INFO: [Synth 8-113] binding component instance 'dispMUX41' to cell 'MUXF5' [C:/Users/zhouy24/Downloads/LEDdisplay.vhd:43]
INFO: [Synth 8-113] binding component instance 'dispMUX42' to cell 'MUXF6' [C:/Users/zhouy24/Downloads/LEDdisplay.vhd:44]
INFO: [Synth 8-113] binding component instance 'dispMUX50' to cell 'MUXF5' [C:/Users/zhouy24/Downloads/LEDdisplay.vhd:46]
INFO: [Synth 8-113] binding component instance 'dispMUX51' to cell 'MUXF5' [C:/Users/zhouy24/Downloads/LEDdisplay.vhd:47]
INFO: [Synth 8-113] binding component instance 'dispMUX52' to cell 'MUXF6' [C:/Users/zhouy24/Downloads/LEDdisplay.vhd:48]
INFO: [Synth 8-113] binding component instance 'dispMUX60' to cell 'MUXF5' [C:/Users/zhouy24/Downloads/LEDdisplay.vhd:50]
INFO: [Synth 8-113] binding component instance 'dispMUX61' to cell 'MUXF5' [C:/Users/zhouy24/Downloads/LEDdisplay.vhd:51]
INFO: [Synth 8-113] binding component instance 'dispMUX62' to cell 'MUXF6' [C:/Users/zhouy24/Downloads/LEDdisplay.vhd:52]
INFO: [Synth 8-256] done synthesizing module 'Mux4by7' (7#1) [C:/Users/zhouy24/Downloads/LEDdisplay.vhd:21]
INFO: [Synth 8-256] done synthesizing module 'LEDdisplay' (8#1) [C:/Users/zhouy24/Downloads/LEDdisplay.vhd:75]
INFO: [Synth 8-256] done synthesizing module 'toplevel' (9#1) [C:/CoCO/Studio/studio_7/studio_7.srcs/sources_1/new/toplevel.vhd:44]
---------------------------------------------------------------------------------
Finished RTL Elaboration : Time (s): cpu = 00:00:08 ; elapsed = 00:00:10 . Memory (MB): peak = 342.820 ; gain = 136.230
---------------------------------------------------------------------------------

Report Check Netlist: 
+------+------------------+-------+---------+-------+------------------+
|      |Item              |Errors |Warnings |Status |Description       |
+------+------------------+-------+---------+-------+------------------+
|1     |multi_driven_nets |      0|        0|Passed |Multi driven nets |
+------+------------------+-------+---------+-------+------------------+
---------------------------------------------------------------------------------
Finished RTL Optimization Phase 1 : Time (s): cpu = 00:00:08 ; elapsed = 00:00:11 . Memory (MB): peak = 342.820 ; gain = 136.230
---------------------------------------------------------------------------------
INFO: [Netlist 29-17] Analyzing 21 Unisim elements for replacement
INFO: [Netlist 29-28] Unisim Transformation completed in 0 CPU seconds
INFO: [Device 21-403] Loading part xc7a35tcpg236-1
INFO: [Project 1-570] Preparing netlist for logic optimization

Processing XDC Constraints
Initializing timing engine
Parsing XDC File [C:/CoCO/Studio/studio_7/studio_7.srcs/constrs_1/new/constraint.xdc]
Finished Parsing XDC File [C:/CoCO/Studio/studio_7/studio_7.srcs/constrs_1/new/constraint.xdc]
INFO: [Project 1-236] Implementation specific constraints were found while reading constraint file [C:/CoCO/Studio/studio_7/studio_7.srcs/constrs_1/new/constraint.xdc]. These constraints will be ignored for synthesis but will be used in implementation. Impacted constraints are listed in the file [.Xil/toplevel_propImpl.xdc].
Resolution: To avoid this warning, move constraints listed in [.Xil/toplevel_propImpl.xdc] to another XDC file and exclude this new file from synthesis with the used_in_synthesis property (File Properties dialog in GUI) and re-run elaboration/synthesis.
Completed Processing XDC Constraints

INFO: [Project 1-111] Unisim Transformation Summary:
  A total of 21 instances were transformed.
  MUXF5 => LUT3: 14 instances
  MUXF6 => LUT3: 7 instances

Constraint Validation Runtime : Time (s): cpu = 00:00:00 ; elapsed = 00:00:00.001 . Memory (MB): peak = 628.922 ; gain = 0.000
---------------------------------------------------------------------------------
Finished Constraint Validation : Time (s): cpu = 00:00:16 ; elapsed = 00:00:19 . Memory (MB): peak = 628.922 ; gain = 422.332
---------------------------------------------------------------------------------
---------------------------------------------------------------------------------
Start Loading Part and Timing Information
---------------------------------------------------------------------------------
Loading part: xc7a35tcpg236-1
---------------------------------------------------------------------------------
Finished Loading Part and Timing Information : Time (s): cpu = 00:00:16 ; elapsed = 00:00:19 . Memory (MB): peak = 628.922 ; gain = 422.332
---------------------------------------------------------------------------------
---------------------------------------------------------------------------------
Start Applying 'set_property' XDC Constraints
---------------------------------------------------------------------------------
---------------------------------------------------------------------------------
Finished applying 'set_property' XDC Constraints : Time (s): cpu = 00:00:16 ; elapsed = 00:00:19 . Memory (MB): peak = 628.922 ; gain = 422.332
---------------------------------------------------------------------------------
INFO: [Synth 8-802] inferred FSM for state register 'cur_state_reg' in module 'LEDdisplay'
WARNING: [Synth 8-327] inferring latch for variable 'an_reg' [C:/Users/zhouy24/Downloads/LEDdisplay.vhd:111]
---------------------------------------------------------------------------------------------------
                   State |                     New Encoding |                Previous Encoding 
---------------------------------------------------------------------------------------------------
                  iSTATE |                               00 |                               00
                 iSTATE0 |                               01 |                               01
                 iSTATE1 |                               10 |                               10
                 iSTATE2 |                               11 |                               11
*
---------------------------------------------------------------------------------------------------
INFO: [Synth 8-3354] encoded FSM with state register 'cur_state_reg' using encoding 'sequential' in module 'LEDdisplay'
WARNING: [Synth 8-327] inferring latch for variable 'control_reg' [C:/Users/zhouy24/Downloads/LEDdisplay.vhd:99]
---------------------------------------------------------------------------------
Finished RTL Optimization Phase 2 : Time (s): cpu = 00:00:17 ; elapsed = 00:00:19 . Memory (MB): peak = 628.922 ; gain = 422.332
---------------------------------------------------------------------------------

Report RTL Partitions: 
+-+--------------+------------+----------+
| |RTL Partition |Replication |Instances |
+-+--------------+------------+----------+
+-+--------------+------------+----------+
---------------------------------------------------------------------------------
Start RTL Component Statistics 
---------------------------------------------------------------------------------
Detailed RTL Component Info : 
+---Adders : 
	   2 Input      4 Bit       Adders := 1     
+---Registers : 
	                4 Bit    Registers := 1     
+---Muxes : 
	  13 Input      7 Bit        Muxes := 4     
	   2 Input      4 Bit        Muxes := 1     
	   4 Input      4 Bit        Muxes := 1     
	   4 Input      2 Bit        Muxes := 1     
	   2 Input      1 Bit        Muxes := 1     
---------------------------------------------------------------------------------
Finished RTL Component Statistics 
---------------------------------------------------------------------------------
---------------------------------------------------------------------------------
Start RTL Hierarchical Component Statistics 
---------------------------------------------------------------------------------
Hierarchical RTL Component report 
Module Counter_4bit 
Detailed RTL Component Info : 
+---Adders : 
	   2 Input      4 Bit       Adders := 1     
+---Registers : 
	                4 Bit    Registers := 1     
+---Muxes : 
	   2 Input      4 Bit        Muxes := 1     
	   2 Input      1 Bit        Muxes := 1     
Module display_driver1 
Detailed RTL Component Info : 
+---Muxes : 
	  13 Input      7 Bit        Muxes := 1     
Module display_driver2 
Detailed RTL Component Info : 
+---Muxes : 
	  13 Input      7 Bit        Muxes := 1     
Module display_driver3 
Detailed RTL Component Info : 
+---Muxes : 
	  13 Input      7 Bit        Muxes := 1     
Module display_driver4 
Detailed RTL Component Info : 
+---Muxes : 
	  13 Input      7 Bit        Muxes := 1     
Module LEDdisplay 
Detailed RTL Component Info : 
+---Muxes : 
	   4 Input      4 Bit        Muxes := 1     
	   4 Input      2 Bit        Muxes := 1     
---------------------------------------------------------------------------------
Finished RTL Hierarchical Component Statistics
---------------------------------------------------------------------------------
---------------------------------------------------------------------------------
Start Part Resource Summary
---------------------------------------------------------------------------------
Part Resources:
DSPs: 90 (col length:60)
BRAMs: 100 (col length: RAMB18 60 RAMB36 30)
---------------------------------------------------------------------------------
Finished Part Resource Summary
---------------------------------------------------------------------------------
Start Parallel Synthesis Optimization  : Time (s): cpu = 00:00:17 ; elapsed = 00:00:20 . Memory (MB): peak = 628.922 ; gain = 422.332
---------------------------------------------------------------------------------
Start Cross Boundary Optimization
---------------------------------------------------------------------------------
---------------------------------------------------------------------------------
Finished Cross Boundary Optimization : Time (s): cpu = 00:00:17 ; elapsed = 00:00:20 . Memory (MB): peak = 628.922 ; gain = 422.332
---------------------------------------------------------------------------------
Finished Parallel Reinference  : Time (s): cpu = 00:00:17 ; elapsed = 00:00:20 . Memory (MB): peak = 628.922 ; gain = 422.332

Report RTL Partitions: 
+-+--------------+------------+----------+
| |RTL Partition |Replication |Instances |
+-+--------------+------------+----------+
+-+--------------+------------+----------+
---------------------------------------------------------------------------------
Start Area Optimization
---------------------------------------------------------------------------------
WARNING: [Synth 8-3332] Sequential element (LEDdisplay0/an_reg[3]) is unused and will be removed from module toplevel.
WARNING: [Synth 8-3332] Sequential element (LEDdisplay0/an_reg[2]) is unused and will be removed from module toplevel.
WARNING: [Synth 8-3332] Sequential element (LEDdisplay0/an_reg[1]) is unused and will be removed from module toplevel.
WARNING: [Synth 8-3332] Sequential element (LEDdisplay0/an_reg[0]) is unused and will be removed from module toplevel.
WARNING: [Synth 8-3332] Sequential element (LEDdisplay0/control_reg[1]) is unused and will be removed from module toplevel.
WARNING: [Synth 8-3332] Sequential element (LEDdisplay0/control_reg[0]) is unused and will be removed from module toplevel.
WARNING: [Synth 8-3332] Sequential element (clock_divider0/count_reg[25]) is unused and will be removed from module toplevel.
WARNING: [Synth 8-3332] Sequential element (LEDdisplay0/Counter_Signal_reg[15]) is unused and will be removed from module toplevel.
---------------------------------------------------------------------------------
Finished Area Optimization : Time (s): cpu = 00:00:17 ; elapsed = 00:00:20 . Memory (MB): peak = 628.922 ; gain = 422.332
---------------------------------------------------------------------------------
Finished Parallel Area Optimization  : Time (s): cpu = 00:00:17 ; elapsed = 00:00:20 . Memory (MB): peak = 628.922 ; gain = 422.332

Report RTL Partitions: 
+-+--------------+------------+----------+
| |RTL Partition |Replication |Instances |
+-+--------------+------------+----------+
+-+--------------+------------+----------+
---------------------------------------------------------------------------------
Start Timing Optimization
---------------------------------------------------------------------------------
---------------------------------------------------------------------------------
Start Applying XDC Timing Constraints
---------------------------------------------------------------------------------
---------------------------------------------------------------------------------
Finished Applying XDC Timing Constraints : Time (s): cpu = 00:00:27 ; elapsed = 00:00:30 . Memory (MB): peak = 628.922 ; gain = 422.332
---------------------------------------------------------------------------------
---------------------------------------------------------------------------------
Finished Timing Optimization : Time (s): cpu = 00:00:27 ; elapsed = 00:00:30 . Memory (MB): peak = 628.922 ; gain = 422.332
---------------------------------------------------------------------------------

Report RTL Partitions: 
+-+--------------+------------+----------+
| |RTL Partition |Replication |Instances |
+-+--------------+------------+----------+
+-+--------------+------------+----------+
---------------------------------------------------------------------------------
Start Technology Mapping
---------------------------------------------------------------------------------
---------------------------------------------------------------------------------
Finished Technology Mapping : Time (s): cpu = 00:00:27 ; elapsed = 00:00:30 . Memory (MB): peak = 628.922 ; gain = 422.332
---------------------------------------------------------------------------------
Finished Parallel Technology Mapping Optimization  : Time (s): cpu = 00:00:27 ; elapsed = 00:00:30 . Memory (MB): peak = 628.922 ; gain = 422.332

Report RTL Partitions: 
+-+--------------+------------+----------+
| |RTL Partition |Replication |Instances |
+-+--------------+------------+----------+
+-+--------------+------------+----------+
Finished Parallel Synthesis Optimization  : Time (s): cpu = 00:00:27 ; elapsed = 00:00:30 . Memory (MB): peak = 628.922 ; gain = 422.332
---------------------------------------------------------------------------------
Start IO Insertion
---------------------------------------------------------------------------------
---------------------------------------------------------------------------------
Start Flattening Before IO Insertion
---------------------------------------------------------------------------------
---------------------------------------------------------------------------------
Finished Flattening Before IO Insertion
---------------------------------------------------------------------------------
---------------------------------------------------------------------------------
Start Final Netlist Cleanup
---------------------------------------------------------------------------------
---------------------------------------------------------------------------------
Finished Final Netlist Cleanup
---------------------------------------------------------------------------------
---------------------------------------------------------------------------------
Finished IO Insertion : Time (s): cpu = 00:00:28 ; elapsed = 00:00:31 . Memory (MB): peak = 628.922 ; gain = 422.332
---------------------------------------------------------------------------------

Report Check Netlist: 
+------+------------------+-------+---------+-------+------------------+
|      |Item              |Errors |Warnings |Status |Description       |
+------+------------------+-------+---------+-------+------------------+
|1     |multi_driven_nets |      0|        0|Passed |Multi driven nets |
+------+------------------+-------+---------+-------+------------------+
---------------------------------------------------------------------------------
Start Renaming Generated Instances
---------------------------------------------------------------------------------
---------------------------------------------------------------------------------
Finished Renaming Generated Instances : Time (s): cpu = 00:00:28 ; elapsed = 00:00:31 . Memory (MB): peak = 628.922 ; gain = 422.332
---------------------------------------------------------------------------------

Report RTL Partitions: 
+-+--------------+------------+----------+
| |RTL Partition |Replication |Instances |
+-+--------------+------------+----------+
+-+--------------+------------+----------+
---------------------------------------------------------------------------------
Start Rebuilding User Hierarchy
---------------------------------------------------------------------------------
---------------------------------------------------------------------------------
Finished Rebuilding User Hierarchy : Time (s): cpu = 00:00:28 ; elapsed = 00:00:31 . Memory (MB): peak = 628.922 ; gain = 422.332
---------------------------------------------------------------------------------
---------------------------------------------------------------------------------
Start Renaming Generated Ports
---------------------------------------------------------------------------------
---------------------------------------------------------------------------------
Finished Renaming Generated Ports : Time (s): cpu = 00:00:28 ; elapsed = 00:00:31 . Memory (MB): peak = 628.922 ; gain = 422.332
---------------------------------------------------------------------------------
---------------------------------------------------------------------------------
Start Handling Custom Attributes
---------------------------------------------------------------------------------
---------------------------------------------------------------------------------
Finished Handling Custom Attributes : Time (s): cpu = 00:00:28 ; elapsed = 00:00:31 . Memory (MB): peak = 628.922 ; gain = 422.332
---------------------------------------------------------------------------------
---------------------------------------------------------------------------------
Start Renaming Generated Nets
---------------------------------------------------------------------------------
---------------------------------------------------------------------------------
Finished Renaming Generated Nets : Time (s): cpu = 00:00:28 ; elapsed = 00:00:31 . Memory (MB): peak = 628.922 ; gain = 422.332
---------------------------------------------------------------------------------
---------------------------------------------------------------------------------
Start Writing Synthesis Report
---------------------------------------------------------------------------------

Report BlackBoxes: 
+-+--------------+----------+
| |BlackBox name |Instances |
+-+--------------+----------+
+-+--------------+----------+

Report Cell Usage: 
+------+-------+------+
|      |Cell   |Count |
+------+-------+------+
|1     |BUFG   |     1|
|2     |CARRY4 |    11|
|3     |LUT1   |    42|
|4     |LUT2   |     6|
|5     |LUT3   |     3|
|6     |LUT4   |    23|
|7     |LUT5   |     1|
|8     |LUT6   |     1|
|9     |MUXF5  |    14|
|10    |MUXF6  |     7|
|11    |FDCE   |     4|
|12    |FDRE   |    42|
|13    |IBUF   |     8|
|14    |OBUF   |    11|
+------+-------+------+

Report Instance Areas: 
+------+-------------------+----------------+------+
|      |Instance           |Module          |Cells |
+------+-------------------+----------------+------+
|1     |top                |                |   174|
|2     |  LEDdisplay0      |LEDdisplay      |    63|
|3     |    dispMUX00      |Mux4by7         |    21|
|4     |  clock_divider0   |clock_divider   |    57|
|5     |  counter_4bit0    |Counter_4bit    |    11|
|6     |  display_driver10 |display_driver1 |     5|
|7     |  display_driver20 |display_driver2 |     6|
|8     |  display_driver30 |display_driver3 |     6|
|9     |  display_driver40 |display_driver4 |     6|
+------+-------------------+----------------+------+
---------------------------------------------------------------------------------
Finished Writing Synthesis Report : Time (s): cpu = 00:00:28 ; elapsed = 00:00:31 . Memory (MB): peak = 628.922 ; gain = 422.332
---------------------------------------------------------------------------------
Synthesis finished with 0 errors, 0 critical warnings and 10 warnings.
Synthesis Optimization Runtime : Time (s): cpu = 00:00:14 ; elapsed = 00:00:19 . Memory (MB): peak = 628.922 ; gain = 115.113
Synthesis Optimization Complete : Time (s): cpu = 00:00:28 ; elapsed = 00:00:31 . Memory (MB): peak = 628.922 ; gain = 422.332
INFO: [Project 1-571] Translating synthesized netlist
INFO: [Netlist 29-17] Analyzing 40 Unisim elements for replacement
INFO: [Netlist 29-28] Unisim Transformation completed in 0 CPU seconds
INFO: [Project 1-570] Preparing netlist for logic optimization
INFO: [Opt 31-138] Pushed 0 inverter(s) to 0 load pin(s).
INFO: [Project 1-111] Unisim Transformation Summary:
  A total of 21 instances were transformed.
  MUXF5 => LUT3: 14 instances
  MUXF6 => LUT3: 7 instances

INFO: [Common 17-83] Releasing license: Synthesis
63 Infos, 10 Warnings, 0 Critical Warnings and 0 Errors encountered.
synth_design completed successfully
synth_design: Time (s): cpu = 00:00:25 ; elapsed = 00:00:26 . Memory (MB): peak = 628.922 ; gain = 404.996
report_utilization: Time (s): cpu = 00:00:00 ; elapsed = 00:00:00.012 . Memory (MB): peak = 628.922 ; gain = 0.000
INFO: [Common 17-206] Exiting Vivado at Wed Apr 13 18:05:03 2022...
