
*** Running vivado
    with args -log sources_studio2.vdi -applog -m64 -messageDb vivado.pb -mode batch -source sources_studio2.tcl -notrace


****** Vivado v2016.2 (64-bit)
  **** SW Build 1577090 on Thu Jun  2 16:32:40 MDT 2016
  **** IP Build 1577682 on Fri Jun  3 12:00:54 MDT 2016
    ** Copyright 1986-2016 Xilinx, Inc. All Rights Reserved.

source sources_studio2.tcl -notrace
Design is defaulting to srcset: sources_1
Design is defaulting to constrset: constrs_1
INFO: [Netlist 29-17] Analyzing 4 Unisim elements for replacement
INFO: [Netlist 29-28] Unisim Transformation completed in 0 CPU seconds
INFO: [Project 1-479] Netlist was created with Vivado 2016.2
INFO: [Device 21-403] Loading part xc7a35tcpg236-1
INFO: [Project 1-570] Preparing netlist for logic optimization
Parsing XDC File [C:/CoCO/Studio/Studio_2/Studio_2.srcs/constrs_1/new/constrs_studio2.xdc]
WARNING: [Vivado 12-584] No ports matched 'switch<3>'. [C:/CoCO/Studio/Studio_2/Studio_2.srcs/constrs_1/new/constrs_studio2.xdc:2]
CRITICAL WARNING: [Common 17-55] 'set_property' expects at least one object. [C:/CoCO/Studio/Studio_2/Studio_2.srcs/constrs_1/new/constrs_studio2.xdc:2]
Resolution: If [get_<value>] was used to populate the object, check to make sure this command returns at least one valid object.
WARNING: [Vivado 12-584] No ports matched 'switch<3>'. [C:/CoCO/Studio/Studio_2/Studio_2.srcs/constrs_1/new/constrs_studio2.xdc:3]
CRITICAL WARNING: [Common 17-55] 'set_property' expects at least one object. [C:/CoCO/Studio/Studio_2/Studio_2.srcs/constrs_1/new/constrs_studio2.xdc:3]
Resolution: If [get_<value>] was used to populate the object, check to make sure this command returns at least one valid object.
WARNING: [Vivado 12-584] No ports matched 'switch<2>'. [C:/CoCO/Studio/Studio_2/Studio_2.srcs/constrs_1/new/constrs_studio2.xdc:4]
CRITICAL WARNING: [Common 17-55] 'set_property' expects at least one object. [C:/CoCO/Studio/Studio_2/Studio_2.srcs/constrs_1/new/constrs_studio2.xdc:4]
Resolution: If [get_<value>] was used to populate the object, check to make sure this command returns at least one valid object.
WARNING: [Vivado 12-584] No ports matched 'switch<2>'. [C:/CoCO/Studio/Studio_2/Studio_2.srcs/constrs_1/new/constrs_studio2.xdc:5]
CRITICAL WARNING: [Common 17-55] 'set_property' expects at least one object. [C:/CoCO/Studio/Studio_2/Studio_2.srcs/constrs_1/new/constrs_studio2.xdc:5]
Resolution: If [get_<value>] was used to populate the object, check to make sure this command returns at least one valid object.
WARNING: [Vivado 12-584] No ports matched 'switch<1>'. [C:/CoCO/Studio/Studio_2/Studio_2.srcs/constrs_1/new/constrs_studio2.xdc:6]
CRITICAL WARNING: [Common 17-55] 'set_property' expects at least one object. [C:/CoCO/Studio/Studio_2/Studio_2.srcs/constrs_1/new/constrs_studio2.xdc:6]
Resolution: If [get_<value>] was used to populate the object, check to make sure this command returns at least one valid object.
WARNING: [Vivado 12-584] No ports matched 'switch<1>'. [C:/CoCO/Studio/Studio_2/Studio_2.srcs/constrs_1/new/constrs_studio2.xdc:7]
CRITICAL WARNING: [Common 17-55] 'set_property' expects at least one object. [C:/CoCO/Studio/Studio_2/Studio_2.srcs/constrs_1/new/constrs_studio2.xdc:7]
Resolution: If [get_<value>] was used to populate the object, check to make sure this command returns at least one valid object.
WARNING: [Vivado 12-584] No ports matched 'switch<0>'. [C:/CoCO/Studio/Studio_2/Studio_2.srcs/constrs_1/new/constrs_studio2.xdc:8]
CRITICAL WARNING: [Common 17-55] 'set_property' expects at least one object. [C:/CoCO/Studio/Studio_2/Studio_2.srcs/constrs_1/new/constrs_studio2.xdc:8]
Resolution: If [get_<value>] was used to populate the object, check to make sure this command returns at least one valid object.
WARNING: [Vivado 12-584] No ports matched 'switch<0>'. [C:/CoCO/Studio/Studio_2/Studio_2.srcs/constrs_1/new/constrs_studio2.xdc:9]
CRITICAL WARNING: [Common 17-55] 'set_property' expects at least one object. [C:/CoCO/Studio/Studio_2/Studio_2.srcs/constrs_1/new/constrs_studio2.xdc:9]
Resolution: If [get_<value>] was used to populate the object, check to make sure this command returns at least one valid object.
WARNING: [Vivado 12-584] No ports matched 'AN<0>'. [C:/CoCO/Studio/Studio_2/Studio_2.srcs/constrs_1/new/constrs_studio2.xdc:13]
CRITICAL WARNING: [Common 17-55] 'set_property' expects at least one object. [C:/CoCO/Studio/Studio_2/Studio_2.srcs/constrs_1/new/constrs_studio2.xdc:13]
Resolution: If [get_<value>] was used to populate the object, check to make sure this command returns at least one valid object.
WARNING: [Vivado 12-584] No ports matched 'AN<0>'. [C:/CoCO/Studio/Studio_2/Studio_2.srcs/constrs_1/new/constrs_studio2.xdc:14]
CRITICAL WARNING: [Common 17-55] 'set_property' expects at least one object. [C:/CoCO/Studio/Studio_2/Studio_2.srcs/constrs_1/new/constrs_studio2.xdc:14]
Resolution: If [get_<value>] was used to populate the object, check to make sure this command returns at least one valid object.
WARNING: [Vivado 12-584] No ports matched 'AN<1>'. [C:/CoCO/Studio/Studio_2/Studio_2.srcs/constrs_1/new/constrs_studio2.xdc:15]
CRITICAL WARNING: [Common 17-55] 'set_property' expects at least one object. [C:/CoCO/Studio/Studio_2/Studio_2.srcs/constrs_1/new/constrs_studio2.xdc:15]
Resolution: If [get_<value>] was used to populate the object, check to make sure this command returns at least one valid object.
WARNING: [Vivado 12-584] No ports matched 'AN<1>'. [C:/CoCO/Studio/Studio_2/Studio_2.srcs/constrs_1/new/constrs_studio2.xdc:16]
CRITICAL WARNING: [Common 17-55] 'set_property' expects at least one object. [C:/CoCO/Studio/Studio_2/Studio_2.srcs/constrs_1/new/constrs_studio2.xdc:16]
Resolution: If [get_<value>] was used to populate the object, check to make sure this command returns at least one valid object.
WARNING: [Vivado 12-584] No ports matched 'AN<2>'. [C:/CoCO/Studio/Studio_2/Studio_2.srcs/constrs_1/new/constrs_studio2.xdc:17]
CRITICAL WARNING: [Common 17-55] 'set_property' expects at least one object. [C:/CoCO/Studio/Studio_2/Studio_2.srcs/constrs_1/new/constrs_studio2.xdc:17]
Resolution: If [get_<value>] was used to populate the object, check to make sure this command returns at least one valid object.
WARNING: [Vivado 12-584] No ports matched 'AN<2>'. [C:/CoCO/Studio/Studio_2/Studio_2.srcs/constrs_1/new/constrs_studio2.xdc:18]
CRITICAL WARNING: [Common 17-55] 'set_property' expects at least one object. [C:/CoCO/Studio/Studio_2/Studio_2.srcs/constrs_1/new/constrs_studio2.xdc:18]
Resolution: If [get_<value>] was used to populate the object, check to make sure this command returns at least one valid object.
WARNING: [Vivado 12-584] No ports matched 'AN<3>'. [C:/CoCO/Studio/Studio_2/Studio_2.srcs/constrs_1/new/constrs_studio2.xdc:19]
CRITICAL WARNING: [Common 17-55] 'set_property' expects at least one object. [C:/CoCO/Studio/Studio_2/Studio_2.srcs/constrs_1/new/constrs_studio2.xdc:19]
Resolution: If [get_<value>] was used to populate the object, check to make sure this command returns at least one valid object.
WARNING: [Vivado 12-584] No ports matched 'AN<3>'. [C:/CoCO/Studio/Studio_2/Studio_2.srcs/constrs_1/new/constrs_studio2.xdc:20]
CRITICAL WARNING: [Common 17-55] 'set_property' expects at least one object. [C:/CoCO/Studio/Studio_2/Studio_2.srcs/constrs_1/new/constrs_studio2.xdc:20]
Resolution: If [get_<value>] was used to populate the object, check to make sure this command returns at least one valid object.
WARNING: [Vivado 12-584] No ports matched 'Seg<0>'. [C:/CoCO/Studio/Studio_2/Studio_2.srcs/constrs_1/new/constrs_studio2.xdc:24]
CRITICAL WARNING: [Common 17-55] 'set_property' expects at least one object. [C:/CoCO/Studio/Studio_2/Studio_2.srcs/constrs_1/new/constrs_studio2.xdc:24]
Resolution: If [get_<value>] was used to populate the object, check to make sure this command returns at least one valid object.
WARNING: [Vivado 12-584] No ports matched 'Seg<0>'. [C:/CoCO/Studio/Studio_2/Studio_2.srcs/constrs_1/new/constrs_studio2.xdc:25]
CRITICAL WARNING: [Common 17-55] 'set_property' expects at least one object. [C:/CoCO/Studio/Studio_2/Studio_2.srcs/constrs_1/new/constrs_studio2.xdc:25]
Resolution: If [get_<value>] was used to populate the object, check to make sure this command returns at least one valid object.
WARNING: [Vivado 12-584] No ports matched 'Seg<1>'. [C:/CoCO/Studio/Studio_2/Studio_2.srcs/constrs_1/new/constrs_studio2.xdc:26]
CRITICAL WARNING: [Common 17-55] 'set_property' expects at least one object. [C:/CoCO/Studio/Studio_2/Studio_2.srcs/constrs_1/new/constrs_studio2.xdc:26]
Resolution: If [get_<value>] was used to populate the object, check to make sure this command returns at least one valid object.
WARNING: [Vivado 12-584] No ports matched 'Seg<1>'. [C:/CoCO/Studio/Studio_2/Studio_2.srcs/constrs_1/new/constrs_studio2.xdc:27]
CRITICAL WARNING: [Common 17-55] 'set_property' expects at least one object. [C:/CoCO/Studio/Studio_2/Studio_2.srcs/constrs_1/new/constrs_studio2.xdc:27]
Resolution: If [get_<value>] was used to populate the object, check to make sure this command returns at least one valid object.
WARNING: [Vivado 12-584] No ports matched 'Seg<2>'. [C:/CoCO/Studio/Studio_2/Studio_2.srcs/constrs_1/new/constrs_studio2.xdc:28]
CRITICAL WARNING: [Common 17-55] 'set_property' expects at least one object. [C:/CoCO/Studio/Studio_2/Studio_2.srcs/constrs_1/new/constrs_studio2.xdc:28]
Resolution: If [get_<value>] was used to populate the object, check to make sure this command returns at least one valid object.
WARNING: [Vivado 12-584] No ports matched 'Seg<2>'. [C:/CoCO/Studio/Studio_2/Studio_2.srcs/constrs_1/new/constrs_studio2.xdc:29]
CRITICAL WARNING: [Common 17-55] 'set_property' expects at least one object. [C:/CoCO/Studio/Studio_2/Studio_2.srcs/constrs_1/new/constrs_studio2.xdc:29]
Resolution: If [get_<value>] was used to populate the object, check to make sure this command returns at least one valid object.
WARNING: [Vivado 12-584] No ports matched 'Seg<3>'. [C:/CoCO/Studio/Studio_2/Studio_2.srcs/constrs_1/new/constrs_studio2.xdc:30]
CRITICAL WARNING: [Common 17-55] 'set_property' expects at least one object. [C:/CoCO/Studio/Studio_2/Studio_2.srcs/constrs_1/new/constrs_studio2.xdc:30]
Resolution: If [get_<value>] was used to populate the object, check to make sure this command returns at least one valid object.
WARNING: [Vivado 12-584] No ports matched 'Seg<3>'. [C:/CoCO/Studio/Studio_2/Studio_2.srcs/constrs_1/new/constrs_studio2.xdc:31]
CRITICAL WARNING: [Common 17-55] 'set_property' expects at least one object. [C:/CoCO/Studio/Studio_2/Studio_2.srcs/constrs_1/new/constrs_studio2.xdc:31]
Resolution: If [get_<value>] was used to populate the object, check to make sure this command returns at least one valid object.
WARNING: [Vivado 12-584] No ports matched 'Seg<4>'. [C:/CoCO/Studio/Studio_2/Studio_2.srcs/constrs_1/new/constrs_studio2.xdc:32]
CRITICAL WARNING: [Common 17-55] 'set_property' expects at least one object. [C:/CoCO/Studio/Studio_2/Studio_2.srcs/constrs_1/new/constrs_studio2.xdc:32]
Resolution: If [get_<value>] was used to populate the object, check to make sure this command returns at least one valid object.
WARNING: [Vivado 12-584] No ports matched 'Seg<4>'. [C:/CoCO/Studio/Studio_2/Studio_2.srcs/constrs_1/new/constrs_studio2.xdc:33]
CRITICAL WARNING: [Common 17-55] 'set_property' expects at least one object. [C:/CoCO/Studio/Studio_2/Studio_2.srcs/constrs_1/new/constrs_studio2.xdc:33]
Resolution: If [get_<value>] was used to populate the object, check to make sure this command returns at least one valid object.
WARNING: [Vivado 12-584] No ports matched 'Seg<5>'. [C:/CoCO/Studio/Studio_2/Studio_2.srcs/constrs_1/new/constrs_studio2.xdc:34]
CRITICAL WARNING: [Common 17-55] 'set_property' expects at least one object. [C:/CoCO/Studio/Studio_2/Studio_2.srcs/constrs_1/new/constrs_studio2.xdc:34]
Resolution: If [get_<value>] was used to populate the object, check to make sure this command returns at least one valid object.
WARNING: [Vivado 12-584] No ports matched 'Seg<5>'. [C:/CoCO/Studio/Studio_2/Studio_2.srcs/constrs_1/new/constrs_studio2.xdc:35]
CRITICAL WARNING: [Common 17-55] 'set_property' expects at least one object. [C:/CoCO/Studio/Studio_2/Studio_2.srcs/constrs_1/new/constrs_studio2.xdc:35]
Resolution: If [get_<value>] was used to populate the object, check to make sure this command returns at least one valid object.
WARNING: [Vivado 12-584] No ports matched 'Seg<6>'. [C:/CoCO/Studio/Studio_2/Studio_2.srcs/constrs_1/new/constrs_studio2.xdc:36]
CRITICAL WARNING: [Common 17-55] 'set_property' expects at least one object. [C:/CoCO/Studio/Studio_2/Studio_2.srcs/constrs_1/new/constrs_studio2.xdc:36]
Resolution: If [get_<value>] was used to populate the object, check to make sure this command returns at least one valid object.
WARNING: [Vivado 12-584] No ports matched 'Seg<6>'. [C:/CoCO/Studio/Studio_2/Studio_2.srcs/constrs_1/new/constrs_studio2.xdc:37]
CRITICAL WARNING: [Common 17-55] 'set_property' expects at least one object. [C:/CoCO/Studio/Studio_2/Studio_2.srcs/constrs_1/new/constrs_studio2.xdc:37]
Resolution: If [get_<value>] was used to populate the object, check to make sure this command returns at least one valid object.
Finished Parsing XDC File [C:/CoCO/Studio/Studio_2/Studio_2.srcs/constrs_1/new/constrs_studio2.xdc]
INFO: [Opt 31-138] Pushed 0 inverter(s) to 0 load pin(s).
INFO: [Project 1-111] Unisim Transformation Summary:
No Unisim elements were transformed.

link_design: Time (s): cpu = 00:00:05 ; elapsed = 00:00:06 . Memory (MB): peak = 469.441 ; gain = 238.488
INFO: [Vivado_Tcl 4-424] Cannot write hardware definition file as there are no IPI block design hardware handoff files present
Command: opt_design
Attempting to get a license for feature 'Implementation' and/or device 'xc7a35t'
INFO: [Common 17-349] Got license for feature 'Implementation' and/or device 'xc7a35t'
Running DRC as a precondition to command opt_design

Starting DRC Task
INFO: [DRC 23-27] Running DRC with 2 threads
INFO: [Project 1-461] DRC finished with 0 Errors
INFO: [Project 1-462] Please refer to the DRC report (report_drc) for more information.

Time (s): cpu = 00:00:00 ; elapsed = 00:00:00.116 . Memory (MB): peak = 474.105 ; gain = 4.664
INFO: [Timing 38-35] Done setting XDC timing constraints.

Starting Logic Optimization Task
Implement Debug Cores | Checksum: 1b924e00a

Phase 1 Retarget
INFO: [Opt 31-138] Pushed 0 inverter(s) to 0 load pin(s).
INFO: [Opt 31-49] Retargeted 0 cell(s).
Phase 1 Retarget | Checksum: 1b924e00a

Time (s): cpu = 00:00:00 ; elapsed = 00:00:00.019 . Memory (MB): peak = 914.625 ; gain = 0.000

Phase 2 Constant Propagation
INFO: [Opt 31-138] Pushed 0 inverter(s) to 0 load pin(s).
INFO: [Opt 31-10] Eliminated 0 cells.
Phase 2 Constant Propagation | Checksum: 1b924e00a

Time (s): cpu = 00:00:00 ; elapsed = 00:00:00.028 . Memory (MB): peak = 914.625 ; gain = 0.000

Phase 3 Sweep
INFO: [Opt 31-12] Eliminated 0 unconnected nets.
INFO: [Opt 31-11] Eliminated 0 unconnected cells.
Phase 3 Sweep | Checksum: 1b924e00a

Time (s): cpu = 00:00:00 ; elapsed = 00:00:00.035 . Memory (MB): peak = 914.625 ; gain = 0.000

Starting Connectivity Check Task

Time (s): cpu = 00:00:00 ; elapsed = 00:00:00.001 . Memory (MB): peak = 914.625 ; gain = 0.000
Ending Logic Optimization Task | Checksum: 1b924e00a

Time (s): cpu = 00:00:00 ; elapsed = 00:00:00.037 . Memory (MB): peak = 914.625 ; gain = 0.000

Starting Power Optimization Task
INFO: [Pwropt 34-132] Skipping clock gating for clocks with a period < 2.00 ns.
Ending Power Optimization Task | Checksum: 1b924e00a

Time (s): cpu = 00:00:00 ; elapsed = 00:00:00.034 . Memory (MB): peak = 914.625 ; gain = 0.000
INFO: [Common 17-83] Releasing license: Implementation
21 Infos, 30 Warnings, 30 Critical Warnings and 0 Errors encountered.
opt_design completed successfully
opt_design: Time (s): cpu = 00:00:10 ; elapsed = 00:00:10 . Memory (MB): peak = 914.625 ; gain = 445.184
INFO: [DRC 23-27] Running DRC with 2 threads
INFO: [Coretcl 2-168] The results of DRC are in file C:/CoCO/Studio/Studio_2/Studio_2.runs/impl_1/sources_studio2_drc_opted.rpt.
INFO: [Chipscope 16-241] No debug cores found in the current design.
Before running the implement_debug_core command, either use the Set Up Debug wizard (GUI mode)
or use the create_debug_core and connect_debug_core Tcl commands to insert debug cores into the design.
Command: place_design
Attempting to get a license for feature 'Implementation' and/or device 'xc7a35t'
INFO: [Common 17-349] Got license for feature 'Implementation' and/or device 'xc7a35t'
INFO: [DRC 23-27] Running DRC with 2 threads
INFO: [Vivado_Tcl 4-198] DRC finished with 0 Errors
INFO: [Vivado_Tcl 4-199] Please refer to the DRC report (report_drc) for more information.
Running DRC as a precondition to command place_design
INFO: [DRC 23-27] Running DRC with 2 threads
INFO: [Vivado_Tcl 4-198] DRC finished with 0 Errors
INFO: [Vivado_Tcl 4-199] Please refer to the DRC report (report_drc) for more information.

Starting Placer Task
INFO: [Place 30-611] Multithreading enabled for place_design using a maximum of 2 CPUs

Phase 1 Placer Initialization
Netlist sorting complete. Time (s): cpu = 00:00:00 ; elapsed = 00:00:00 . Memory (MB): peak = 914.625 ; gain = 0.000
Netlist sorting complete. Time (s): cpu = 00:00:00 ; elapsed = 00:00:00 . Memory (MB): peak = 914.625 ; gain = 0.000

Phase 1.1 IO Placement/ Clock Placement/ Build Placer Device

Phase 1.1.1 ParallelPlaceIOClockAndInitTop

Phase 1.1.1.1 Pre-Place Cells
Phase 1.1.1.1 Pre-Place Cells | Checksum: 00000000

Time (s): cpu = 00:00:00 ; elapsed = 00:00:00.034 . Memory (MB): peak = 914.625 ; gain = 0.000

Phase 1.1.1.2 Constructing HAPIClkRuleMgr
Phase 1.1.1.2 Constructing HAPIClkRuleMgr | Checksum: 00000000

Time (s): cpu = 00:00:00 ; elapsed = 00:00:00.041 . Memory (MB): peak = 914.625 ; gain = 0.000
INFO: [Timing 38-35] Done setting XDC timing constraints.

Phase 1.1.1.3 IO and Clk Clean Up

Phase 1.1.1.3.1 Constructing HAPIClkRuleMgr
Phase 1.1.1.3.1 Constructing HAPIClkRuleMgr | Checksum: 00000000

Time (s): cpu = 00:00:01 ; elapsed = 00:00:00.525 . Memory (MB): peak = 928.785 ; gain = 14.160
Phase 1.1.1.3 IO and Clk Clean Up | Checksum: 00000000

Time (s): cpu = 00:00:01 ; elapsed = 00:00:00.530 . Memory (MB): peak = 928.785 ; gain = 14.160

Phase 1.1.1.4 Implementation Feasibility check On IDelay
Phase 1.1.1.4 Implementation Feasibility check On IDelay | Checksum: 00000000

Time (s): cpu = 00:00:01 ; elapsed = 00:00:00.531 . Memory (MB): peak = 928.785 ; gain = 14.160

Phase 1.1.1.5 Commit IO Placement
Phase 1.1.1.5 Commit IO Placement | Checksum: 6af6bf42

Time (s): cpu = 00:00:01 ; elapsed = 00:00:00.533 . Memory (MB): peak = 928.785 ; gain = 14.160
Phase 1.1.1 ParallelPlaceIOClockAndInitTop | Checksum: 6af6bf42

Time (s): cpu = 00:00:01 ; elapsed = 00:00:00.534 . Memory (MB): peak = 928.785 ; gain = 14.160
Phase 1.1 IO Placement/ Clock Placement/ Build Placer Device | Checksum: 1582a1a93

Time (s): cpu = 00:00:01 ; elapsed = 00:00:00.534 . Memory (MB): peak = 928.785 ; gain = 14.160

Phase 1.2 Build Placer Netlist Model

Phase 1.2.1 Place Init Design

Phase 1.2.1.1 Make Others
Phase 1.2.1.1 Make Others | Checksum: 1c8235437

Time (s): cpu = 00:00:01 ; elapsed = 00:00:00.548 . Memory (MB): peak = 928.785 ; gain = 14.160
Phase 1.2.1 Place Init Design | Checksum: 1bc57aed3

Time (s): cpu = 00:00:01 ; elapsed = 00:00:00.551 . Memory (MB): peak = 928.785 ; gain = 14.160
Phase 1.2 Build Placer Netlist Model | Checksum: 1bc57aed3

Time (s): cpu = 00:00:01 ; elapsed = 00:00:00.551 . Memory (MB): peak = 928.785 ; gain = 14.160

Phase 1.3 Constrain Clocks/Macros
Phase 1.3 Constrain Clocks/Macros | Checksum: 1bc57aed3

Time (s): cpu = 00:00:01 ; elapsed = 00:00:00.553 . Memory (MB): peak = 928.785 ; gain = 14.160
Phase 1 Placer Initialization | Checksum: 1bc57aed3

Time (s): cpu = 00:00:01 ; elapsed = 00:00:00.555 . Memory (MB): peak = 928.785 ; gain = 14.160

Phase 2 Global Placement
Phase 2 Global Placement | Checksum: 20a48afaf

Time (s): cpu = 00:00:01 ; elapsed = 00:00:00.624 . Memory (MB): peak = 928.785 ; gain = 14.160

Phase 3 Detail Placement

Phase 3.1 Commit Multi Column Macros
Phase 3.1 Commit Multi Column Macros | Checksum: 20a48afaf

Time (s): cpu = 00:00:01 ; elapsed = 00:00:00.626 . Memory (MB): peak = 928.785 ; gain = 14.160

Phase 3.2 Commit Most Macros & LUTRAMs
Phase 3.2 Commit Most Macros & LUTRAMs | Checksum: 21c9cab06

Time (s): cpu = 00:00:01 ; elapsed = 00:00:00.632 . Memory (MB): peak = 928.785 ; gain = 14.160

Phase 3.3 Area Swap Optimization
Phase 3.3 Area Swap Optimization | Checksum: 1dd27b9c9

Time (s): cpu = 00:00:01 ; elapsed = 00:00:00.639 . Memory (MB): peak = 928.785 ; gain = 14.160

Phase 3.4 Small Shape Detail Placement
Phase 3.4 Small Shape Detail Placement | Checksum: 1f5b3ad95

Time (s): cpu = 00:00:01 ; elapsed = 00:00:00.909 . Memory (MB): peak = 928.785 ; gain = 14.160

Phase 3.5 Re-assign LUT pins
Phase 3.5 Re-assign LUT pins | Checksum: 1f5b3ad95

Time (s): cpu = 00:00:01 ; elapsed = 00:00:00.910 . Memory (MB): peak = 928.785 ; gain = 14.160

Phase 3.6 Pipeline Register Optimization
Phase 3.6 Pipeline Register Optimization | Checksum: 1f5b3ad95

Time (s): cpu = 00:00:01 ; elapsed = 00:00:00.911 . Memory (MB): peak = 928.785 ; gain = 14.160
Phase 3 Detail Placement | Checksum: 1f5b3ad95

Time (s): cpu = 00:00:01 ; elapsed = 00:00:00.911 . Memory (MB): peak = 928.785 ; gain = 14.160

Phase 4 Post Placement Optimization and Clean-Up

Phase 4.1 Post Commit Optimization
Phase 4.1 Post Commit Optimization | Checksum: 1f5b3ad95

Time (s): cpu = 00:00:01 ; elapsed = 00:00:00.915 . Memory (MB): peak = 928.785 ; gain = 14.160

Phase 4.2 Sweep Clock Roots: Post-Placement
Phase 4.2 Sweep Clock Roots: Post-Placement | Checksum: 1f5b3ad95

Time (s): cpu = 00:00:01 ; elapsed = 00:00:00.918 . Memory (MB): peak = 928.785 ; gain = 14.160

Phase 4.3 Post Placement Cleanup
Phase 4.3 Post Placement Cleanup | Checksum: 1f5b3ad95

Time (s): cpu = 00:00:01 ; elapsed = 00:00:00.918 . Memory (MB): peak = 928.785 ; gain = 14.160

Phase 4.4 Placer Reporting
Phase 4.4 Placer Reporting | Checksum: 1f5b3ad95

Time (s): cpu = 00:00:01 ; elapsed = 00:00:00.919 . Memory (MB): peak = 928.785 ; gain = 14.160

Phase 4.5 Final Placement Cleanup
Phase 4.5 Final Placement Cleanup | Checksum: 1f5b3ad95

Time (s): cpu = 00:00:01 ; elapsed = 00:00:00.920 . Memory (MB): peak = 928.785 ; gain = 14.160
Phase 4 Post Placement Optimization and Clean-Up | Checksum: 1f5b3ad95

Time (s): cpu = 00:00:01 ; elapsed = 00:00:00.921 . Memory (MB): peak = 928.785 ; gain = 14.160
Ending Placer Task | Checksum: 1ea9709a2

Time (s): cpu = 00:00:01 ; elapsed = 00:00:00.924 . Memory (MB): peak = 928.785 ; gain = 14.160
INFO: [Common 17-83] Releasing license: Implementation
34 Infos, 30 Warnings, 30 Critical Warnings and 0 Errors encountered.
place_design completed successfully
Writing placer database...
Writing XDEF routing.
Writing XDEF routing logical nets.
Writing XDEF routing special nets.
Write XDEF Complete: Time (s): cpu = 00:00:00 ; elapsed = 00:00:00.057 . Memory (MB): peak = 928.785 ; gain = 0.000
report_io: Time (s): cpu = 00:00:00 ; elapsed = 00:00:00.065 . Memory (MB): peak = 928.785 ; gain = 0.000
report_utilization: Time (s): cpu = 00:00:00 ; elapsed = 00:00:00.013 . Memory (MB): peak = 928.785 ; gain = 0.000
report_control_sets: Time (s): cpu = 00:00:00 ; elapsed = 00:00:00.001 . Memory (MB): peak = 928.785 ; gain = 0.000
Command: route_design
Attempting to get a license for feature 'Implementation' and/or device 'xc7a35t'
INFO: [Common 17-349] Got license for feature 'Implementation' and/or device 'xc7a35t'
Running DRC as a precondition to command route_design
INFO: [DRC 23-27] Running DRC with 2 threads
INFO: [Vivado_Tcl 4-198] DRC finished with 0 Errors
INFO: [Vivado_Tcl 4-199] Please refer to the DRC report (report_drc) for more information.


Starting Routing Task
INFO: [Route 35-254] Multithreading enabled for route_design using a maximum of 2 CPUs
Checksum: PlaceDB: fd63ae51 ConstDB: 0 ShapeSum: ed335b51 RouteDB: 0

Phase 1 Build RT Design
Phase 1 Build RT Design | Checksum: 10be8e946

Time (s): cpu = 00:00:19 ; elapsed = 00:00:17 . Memory (MB): peak = 1026.590 ; gain = 97.805

Phase 2 Router Initialization
INFO: [Route 35-64] No timing constraints were detected. The router will operate in resource-optimization mode.

Phase 2.1 Fix Topology Constraints
Phase 2.1 Fix Topology Constraints | Checksum: 10be8e946

Time (s): cpu = 00:00:19 ; elapsed = 00:00:17 . Memory (MB): peak = 1031.242 ; gain = 102.457

Phase 2.2 Pre Route Cleanup
Phase 2.2 Pre Route Cleanup | Checksum: 10be8e946

Time (s): cpu = 00:00:19 ; elapsed = 00:00:17 . Memory (MB): peak = 1031.242 ; gain = 102.457
 Number of Nodes with overlaps = 0
Phase 2 Router Initialization | Checksum: a1b37161

Time (s): cpu = 00:00:19 ; elapsed = 00:00:17 . Memory (MB): peak = 1033.453 ; gain = 104.668

Phase 3 Initial Routing
Phase 3 Initial Routing | Checksum: 3005f721

Time (s): cpu = 00:00:19 ; elapsed = 00:00:18 . Memory (MB): peak = 1033.453 ; gain = 104.668

Phase 4 Rip-up And Reroute

Phase 4.1 Global Iteration 0
 Number of Nodes with overlaps = 0
Phase 4.1 Global Iteration 0 | Checksum: 12bc8e67e

Time (s): cpu = 00:00:19 ; elapsed = 00:00:18 . Memory (MB): peak = 1033.453 ; gain = 104.668
Phase 4 Rip-up And Reroute | Checksum: 12bc8e67e

Time (s): cpu = 00:00:19 ; elapsed = 00:00:18 . Memory (MB): peak = 1033.453 ; gain = 104.668

Phase 5 Delay and Skew Optimization
Phase 5 Delay and Skew Optimization | Checksum: 12bc8e67e

Time (s): cpu = 00:00:19 ; elapsed = 00:00:18 . Memory (MB): peak = 1033.453 ; gain = 104.668

Phase 6 Post Hold Fix

Phase 6.1 Hold Fix Iter
Phase 6.1 Hold Fix Iter | Checksum: 12bc8e67e

Time (s): cpu = 00:00:19 ; elapsed = 00:00:18 . Memory (MB): peak = 1033.453 ; gain = 104.668
Phase 6 Post Hold Fix | Checksum: 12bc8e67e

Time (s): cpu = 00:00:19 ; elapsed = 00:00:18 . Memory (MB): peak = 1033.453 ; gain = 104.668

Phase 7 Route finalize

Router Utilization Summary
  Global Vertical Routing Utilization    = 0.00398629 %
  Global Horizontal Routing Utilization  = 0.00312337 %
  Routable Net Status*
  *Does not include unroutable nets such as driverless and loadless.
  Run report_route_status for detailed report.
  Number of Failed Nets               = 0
  Number of Unrouted Nets             = 0
  Number of Partially Routed Nets     = 0
  Number of Node Overlaps             = 0

Congestion Report
North Dir 1x1 Area, Max Cong = 12.6126%, No Congested Regions.
South Dir 1x1 Area, Max Cong = 0.900901%, No Congested Regions.
East Dir 1x1 Area, Max Cong = 2.94118%, No Congested Regions.
West Dir 1x1 Area, Max Cong = 13.2353%, No Congested Regions.
Phase 7 Route finalize | Checksum: 12bc8e67e

Time (s): cpu = 00:00:19 ; elapsed = 00:00:18 . Memory (MB): peak = 1033.453 ; gain = 104.668

Phase 8 Verifying routed nets

 Verification completed successfully
Phase 8 Verifying routed nets | Checksum: 12bc8e67e

Time (s): cpu = 00:00:19 ; elapsed = 00:00:18 . Memory (MB): peak = 1034.805 ; gain = 106.020

Phase 9 Depositing Routes
Phase 9 Depositing Routes | Checksum: ccf69a32

Time (s): cpu = 00:00:19 ; elapsed = 00:00:18 . Memory (MB): peak = 1034.805 ; gain = 106.020
INFO: [Route 35-16] Router Completed Successfully

Time (s): cpu = 00:00:19 ; elapsed = 00:00:18 . Memory (MB): peak = 1034.805 ; gain = 106.020

Routing Is Done.
INFO: [Common 17-83] Releasing license: Implementation
42 Infos, 30 Warnings, 30 Critical Warnings and 0 Errors encountered.
route_design completed successfully
route_design: Time (s): cpu = 00:00:20 ; elapsed = 00:00:18 . Memory (MB): peak = 1034.805 ; gain = 106.020
Writing placer database...
Writing XDEF routing.
Writing XDEF routing logical nets.
Writing XDEF routing special nets.
Write XDEF Complete: Time (s): cpu = 00:00:00 ; elapsed = 00:00:00.041 . Memory (MB): peak = 1034.805 ; gain = 0.000
INFO: [DRC 23-27] Running DRC with 2 threads
INFO: [Coretcl 2-168] The results of DRC are in file C:/CoCO/Studio/Studio_2/Studio_2.runs/impl_1/sources_studio2_drc_routed.rpt.
INFO: [Timing 38-91] UpdateTimingParams: Speed grade: -1, Delay Type: min_max.
INFO: [Timing 38-191] Multithreading enabled for timing update using a maximum of 2 CPUs
WARNING: [Timing 38-313] There are no user specified timing constraints. Timing constraints are needed for proper timing analysis.
WARNING: [Power 33-232] No user defined clocks were found in the design!
Resolution: Please specify clocks using create_clock/create_generated_clock for sequential elements. For pure combinatorial circuits, please specify a virtual clock, otherwise the vectorless estimation might be inaccurate
Running Vector-less Activity Propagation...

Finished Running Vector-less Activity Propagation
Attempting to get a license for feature 'Implementation' and/or device 'xc7a35t'
INFO: [Common 17-349] Got license for feature 'Implementation' and/or device 'xc7a35t'
Running DRC as a precondition to command write_bitstream
INFO: [DRC 23-27] Running DRC with 2 threads
ERROR: [DRC 23-20] Rule violation (NSTD-1) Unspecified I/O Standard - 15 out of 15 logical ports use I/O standard (IOSTANDARD) value 'DEFAULT', instead of a user assigned specific value. This may cause I/O contention or incompatibility with the board power or connectivity affecting performance, signal integrity or in extreme cases cause damage to the device or the components to which it is connected. To correct this violation, specify all I/O standards. This design will fail to generate a bitstream unless all logical ports have a user specified I/O standard value defined. To allow bitstream creation with unspecified I/O standard values (not recommended), use this command: set_property SEVERITY {Warning} [get_drc_checks NSTD-1].  NOTE: When using the Vivado Runs infrastructure (e.g. launch_runs Tcl command), add this command to a .tcl file and add that file as a pre-hook for write_bitstream step for the implementation run. Problem ports: switch[3:0], AN[3:0], Seg[0:6].
ERROR: [DRC 23-20] Rule violation (UCIO-1) Unconstrained Logical Port - 15 out of 15 logical ports have no user assigned specific location constraint (LOC). This may cause I/O contention or incompatibility with the board power or connectivity affecting performance, signal integrity or in extreme cases cause damage to the device or the components to which it is connected. To correct this violation, specify all pin locations. This design will fail to generate a bitstream unless all logical ports have a user specified site LOC constraint defined.  To allow bitstream creation with unspecified pin locations (not recommended), use this command: set_property SEVERITY {Warning} [get_drc_checks UCIO-1].  NOTE: When using the Vivado Runs infrastructure (e.g. launch_runs Tcl command), add this command to a .tcl file and add that file as a pre-hook for write_bitstream step for the implementation run.  Problem ports: switch[3:0], AN[3:0], Seg[0:6].
WARNING: [DRC 23-20] Rule violation (CFGBVS-1) Missing CFGBVS and CONFIG_VOLTAGE Design Properties - Neither the CFGBVS nor CONFIG_VOLTAGE voltage property is set in the current_design.  Configuration bank voltage select (CFGBVS) must be set to VCCO or GND, and CONFIG_VOLTAGE must be set to the correct configuration voltage, in order to determine the I/O voltage support for the pins in bank 0.  It is suggested to specify these either using the 'Edit Device Properties' function in the GUI or directly in the XDC file using the following syntax:

 set_property CFGBVS value1 [current_design]
 #where value1 is either VCCO or GND

 set_property CONFIG_VOLTAGE value2 [current_design]
 #where value2 is the voltage provided to configuration bank 0

Refer to the device configuration user guide for more information.
INFO: [Vivado 12-3199] DRC finished with 2 Errors, 1 Warnings
INFO: [Vivado 12-3200] Please refer to the DRC report (report_drc) for more information.
ERROR: [Vivado 12-1345] Error(s) found during DRC. Bitgen not run.
INFO: [Common 17-83] Releasing license: Implementation
ERROR: [Common 17-39] 'write_bitstream' failed due to earlier errors.

INFO: [Common 17-206] Exiting Vivado at Wed Feb 02 17:18:07 2022...

*** Running vivado
    with args -log sources_studio2.vdi -applog -m64 -messageDb vivado.pb -mode batch -source sources_studio2.tcl -notrace


****** Vivado v2016.2 (64-bit)
  **** SW Build 1577090 on Thu Jun  2 16:32:40 MDT 2016
  **** IP Build 1577682 on Fri Jun  3 12:00:54 MDT 2016
    ** Copyright 1986-2016 Xilinx, Inc. All Rights Reserved.

source sources_studio2.tcl -notrace
Command: open_checkpoint sources_studio2_routed.dcp

Starting open_checkpoint Task

Time (s): cpu = 00:00:00 ; elapsed = 00:00:00.031 . Memory (MB): peak = 206.793 ; gain = 0.000
INFO: [Netlist 29-17] Analyzing 4 Unisim elements for replacement
INFO: [Netlist 29-28] Unisim Transformation completed in 0 CPU seconds
INFO: [Project 1-479] Netlist was created with Vivado 2016.2
INFO: [Device 21-403] Loading part xc7a35tcpg236-1
INFO: [Project 1-570] Preparing netlist for logic optimization
Parsing XDC File [C:/CoCO/Studio/Studio_2/Studio_2.runs/impl_1/.Xil/Vivado-5376-LAPTOP-LPOMQ7HQ/dcp/sources_studio2.xdc]
Finished Parsing XDC File [C:/CoCO/Studio/Studio_2/Studio_2.runs/impl_1/.Xil/Vivado-5376-LAPTOP-LPOMQ7HQ/dcp/sources_studio2.xdc]
Reading XDEF placement.
Reading placer database...
Reading XDEF routing.
Read XDEF File: Time (s): cpu = 00:00:00 ; elapsed = 00:00:00.038 . Memory (MB): peak = 470.191 ; gain = 0.000
Restored from archive | CPU: 0.000000 secs | Memory: 0.000000 MB |
Finished XDEF File Restore: Time (s): cpu = 00:00:00 ; elapsed = 00:00:00.039 . Memory (MB): peak = 470.191 ; gain = 0.000
INFO: [Project 1-111] Unisim Transformation Summary:
No Unisim elements were transformed.

INFO: [Project 1-604] Checkpoint was created with Vivado v2016.2 (64-bit) build 1577090
open_checkpoint: Time (s): cpu = 00:00:06 ; elapsed = 00:00:07 . Memory (MB): peak = 470.191 ; gain = 263.398
Attempting to get a license for feature 'Implementation' and/or device 'xc7a35t'
INFO: [Common 17-349] Got license for feature 'Implementation' and/or device 'xc7a35t'
Running DRC as a precondition to command write_bitstream
INFO: [DRC 23-27] Running DRC with 2 threads
ERROR: [DRC 23-20] Rule violation (NSTD-1) Unspecified I/O Standard - 15 out of 15 logical ports use I/O standard (IOSTANDARD) value 'DEFAULT', instead of a user assigned specific value. This may cause I/O contention or incompatibility with the board power or connectivity affecting performance, signal integrity or in extreme cases cause damage to the device or the components to which it is connected. To correct this violation, specify all I/O standards. This design will fail to generate a bitstream unless all logical ports have a user specified I/O standard value defined. To allow bitstream creation with unspecified I/O standard values (not recommended), use this command: set_property SEVERITY {Warning} [get_drc_checks NSTD-1].  NOTE: When using the Vivado Runs infrastructure (e.g. launch_runs Tcl command), add this command to a .tcl file and add that file as a pre-hook for write_bitstream step for the implementation run. Problem ports: switch[3:0], AN[3:0], Seg[0:6].
ERROR: [DRC 23-20] Rule violation (UCIO-1) Unconstrained Logical Port - 15 out of 15 logical ports have no user assigned specific location constraint (LOC). This may cause I/O contention or incompatibility with the board power or connectivity affecting performance, signal integrity or in extreme cases cause damage to the device or the components to which it is connected. To correct this violation, specify all pin locations. This design will fail to generate a bitstream unless all logical ports have a user specified site LOC constraint defined.  To allow bitstream creation with unspecified pin locations (not recommended), use this command: set_property SEVERITY {Warning} [get_drc_checks UCIO-1].  NOTE: When using the Vivado Runs infrastructure (e.g. launch_runs Tcl command), add this command to a .tcl file and add that file as a pre-hook for write_bitstream step for the implementation run.  Problem ports: switch[3:0], AN[3:0], Seg[0:6].
WARNING: [DRC 23-20] Rule violation (CFGBVS-1) Missing CFGBVS and CONFIG_VOLTAGE Design Properties - Neither the CFGBVS nor CONFIG_VOLTAGE voltage property is set in the current_design.  Configuration bank voltage select (CFGBVS) must be set to VCCO or GND, and CONFIG_VOLTAGE must be set to the correct configuration voltage, in order to determine the I/O voltage support for the pins in bank 0.  It is suggested to specify these either using the 'Edit Device Properties' function in the GUI or directly in the XDC file using the following syntax:

 set_property CFGBVS value1 [current_design]
 #where value1 is either VCCO or GND

 set_property CONFIG_VOLTAGE value2 [current_design]
 #where value2 is the voltage provided to configuration bank 0

Refer to the device configuration user guide for more information.
INFO: [Vivado 12-3199] DRC finished with 2 Errors, 1 Warnings
INFO: [Vivado 12-3200] Please refer to the DRC report (report_drc) for more information.
ERROR: [Vivado 12-1345] Error(s) found during DRC. Bitgen not run.
INFO: [Common 17-83] Releasing license: Implementation
ERROR: [Common 17-39] 'write_bitstream' failed due to earlier errors.

INFO: [Common 17-206] Exiting Vivado at Wed Feb 02 17:19:39 2022...

*** Running vivado
    with args -log sources_studio2.vdi -applog -m64 -messageDb vivado.pb -mode batch -source sources_studio2.tcl -notrace


****** Vivado v2016.2 (64-bit)
  **** SW Build 1577090 on Thu Jun  2 16:32:40 MDT 2016
  **** IP Build 1577682 on Fri Jun  3 12:00:54 MDT 2016
    ** Copyright 1986-2016 Xilinx, Inc. All Rights Reserved.

source sources_studio2.tcl -notrace
Command: open_checkpoint sources_studio2_routed.dcp

Starting open_checkpoint Task

Time (s): cpu = 00:00:00 ; elapsed = 00:00:00.036 . Memory (MB): peak = 207.309 ; gain = 0.000
INFO: [Netlist 29-17] Analyzing 4 Unisim elements for replacement
INFO: [Netlist 29-28] Unisim Transformation completed in 0 CPU seconds
INFO: [Project 1-479] Netlist was created with Vivado 2016.2
INFO: [Device 21-403] Loading part xc7a35tcpg236-1
INFO: [Project 1-570] Preparing netlist for logic optimization
Parsing XDC File [C:/CoCO/Studio/Studio_2/Studio_2.runs/impl_1/.Xil/Vivado-14120-LAPTOP-LPOMQ7HQ/dcp/sources_studio2.xdc]
Finished Parsing XDC File [C:/CoCO/Studio/Studio_2/Studio_2.runs/impl_1/.Xil/Vivado-14120-LAPTOP-LPOMQ7HQ/dcp/sources_studio2.xdc]
Reading XDEF placement.
Reading placer database...
Reading XDEF routing.
Read XDEF File: Time (s): cpu = 00:00:00 ; elapsed = 00:00:00.021 . Memory (MB): peak = 469.672 ; gain = 0.000
Restored from archive | CPU: 0.000000 secs | Memory: 0.000000 MB |
Finished XDEF File Restore: Time (s): cpu = 00:00:00 ; elapsed = 00:00:00.021 . Memory (MB): peak = 469.672 ; gain = 0.000
INFO: [Project 1-111] Unisim Transformation Summary:
No Unisim elements were transformed.

INFO: [Project 1-604] Checkpoint was created with Vivado v2016.2 (64-bit) build 1577090
open_checkpoint: Time (s): cpu = 00:00:05 ; elapsed = 00:00:06 . Memory (MB): peak = 469.672 ; gain = 262.363
Attempting to get a license for feature 'Implementation' and/or device 'xc7a35t'
INFO: [Common 17-349] Got license for feature 'Implementation' and/or device 'xc7a35t'
Running DRC as a precondition to command write_bitstream
INFO: [DRC 23-27] Running DRC with 2 threads
ERROR: [DRC 23-20] Rule violation (NSTD-1) Unspecified I/O Standard - 15 out of 15 logical ports use I/O standard (IOSTANDARD) value 'DEFAULT', instead of a user assigned specific value. This may cause I/O contention or incompatibility with the board power or connectivity affecting performance, signal integrity or in extreme cases cause damage to the device or the components to which it is connected. To correct this violation, specify all I/O standards. This design will fail to generate a bitstream unless all logical ports have a user specified I/O standard value defined. To allow bitstream creation with unspecified I/O standard values (not recommended), use this command: set_property SEVERITY {Warning} [get_drc_checks NSTD-1].  NOTE: When using the Vivado Runs infrastructure (e.g. launch_runs Tcl command), add this command to a .tcl file and add that file as a pre-hook for write_bitstream step for the implementation run. Problem ports: switch[3:0], AN[3:0], Seg[0:6].
ERROR: [DRC 23-20] Rule violation (UCIO-1) Unconstrained Logical Port - 15 out of 15 logical ports have no user assigned specific location constraint (LOC). This may cause I/O contention or incompatibility with the board power or connectivity affecting performance, signal integrity or in extreme cases cause damage to the device or the components to which it is connected. To correct this violation, specify all pin locations. This design will fail to generate a bitstream unless all logical ports have a user specified site LOC constraint defined.  To allow bitstream creation with unspecified pin locations (not recommended), use this command: set_property SEVERITY {Warning} [get_drc_checks UCIO-1].  NOTE: When using the Vivado Runs infrastructure (e.g. launch_runs Tcl command), add this command to a .tcl file and add that file as a pre-hook for write_bitstream step for the implementation run.  Problem ports: switch[3:0], AN[3:0], Seg[0:6].
WARNING: [DRC 23-20] Rule violation (CFGBVS-1) Missing CFGBVS and CONFIG_VOLTAGE Design Properties - Neither the CFGBVS nor CONFIG_VOLTAGE voltage property is set in the current_design.  Configuration bank voltage select (CFGBVS) must be set to VCCO or GND, and CONFIG_VOLTAGE must be set to the correct configuration voltage, in order to determine the I/O voltage support for the pins in bank 0.  It is suggested to specify these either using the 'Edit Device Properties' function in the GUI or directly in the XDC file using the following syntax:

 set_property CFGBVS value1 [current_design]
 #where value1 is either VCCO or GND

 set_property CONFIG_VOLTAGE value2 [current_design]
 #where value2 is the voltage provided to configuration bank 0

Refer to the device configuration user guide for more information.
INFO: [Vivado 12-3199] DRC finished with 2 Errors, 1 Warnings
INFO: [Vivado 12-3200] Please refer to the DRC report (report_drc) for more information.
ERROR: [Vivado 12-1345] Error(s) found during DRC. Bitgen not run.
INFO: [Common 17-83] Releasing license: Implementation
ERROR: [Common 17-39] 'write_bitstream' failed due to earlier errors.

INFO: [Common 17-206] Exiting Vivado at Wed Feb 02 17:23:08 2022...
